<?xml version="1.0" encoding="UTF-8"?>
<!-- Generated by org.testng.reporters.JUnitXMLReporter -->
<testsuite hostname="Kevins-MacBook-Pro.local" name="Command line test" tests="18" failures="0" timestamp="13 Apr 2016 17:23:15 GMT" time="215.185" errors="0">
  <testcase name="addSecondSumTest" time="42.933" classname="com.yourcompany.SampleSauceTest"/>
  <testcase name="addSumTest" time="91.161" classname="com.yourcompany.SampleSauceTest"/>
  <testcase name="addSumTest" time="133.161" classname="com.yourcompany.SampleSauceTest"/>
  <testcase name="launchTest" time="147.001" classname="com.yourcompany.SampleSauceTest"/>
  <testcase name="addSecondSumTest" time="150.514" classname="com.yourcompany.SampleSauceTest"/>
  <testcase name="launchTest" time="152.322" classname="com.yourcompany.SampleSauceTest"/>
  <testcase name="addSecondSumTest" time="156.536" classname="com.yourcompany.SampleSauceTest"/>
  <testcase name="addSumTest" time="168.872" classname="com.yourcompany.SampleSauceTest"/>
  <testcase name="addSumTest" time="174.865" classname="com.yourcompany.SampleSauceTest"/>
  <testcase name="addSecondSumTest" time="174.996" classname="com.yourcompany.SampleSauceTest"/>
  <testcase name="launchTest" time="178.008" classname="com.yourcompany.SampleSauceTest"/>
  <testcase name="addSecondSumTest" time="188.27" classname="com.yourcompany.SampleSauceTest"/>
  <testcase name="addSecondSumTest" time="194.346" classname="com.yourcompany.SampleSauceTest"/>
  <testcase name="launchTest" time="199.994" classname="com.yourcompany.SampleSauceTest"/>
  <testcase name="addSumTest" time="200.238" classname="com.yourcompany.SampleSauceTest"/>
  <testcase name="launchTest" time="201.244" classname="com.yourcompany.SampleSauceTest"/>
  <testcase name="launchTest" time="207.822" classname="com.yourcompany.SampleSauceTest"/>
  <testcase name="addSumTest" time="215.112" classname="com.yourcompany.SampleSauceTest"/>
</testsuite> <!-- Command line test -->
