<?xml version="1.0" encoding="UTF-8"?>
<testng-results skipped="0" failed="0" total="18" passed="18">
  <reporter-output>
  </reporter-output>
  <suite name="com.yourcompany.SampleSauceTest" duration-ms="215185" started-at="2016-04-13T17:19:39Z" finished-at="2016-04-13T17:23:14Z">
    <groups>
    </groups>
    <test name="Command line test" duration-ms="215185" started-at="2016-04-13T17:19:39Z" finished-at="2016-04-13T17:23:14Z">
      <class name="com.yourcompany.SampleSauceTest">
        <test-method status="PASS" signature="addSumTest(java.lang.String, java.lang.String, java.lang.String, java.lang.String, java.lang.String, java.lang.String, java.lang.String, java.lang.reflect.Method)[pri:0, instance:com.yourcompany.SampleSauceTest@1b604f19]" name="addSumTest" duration-ms="200238" started-at="2016-04-13T10:19:39Z" data-provider="hardCodedBrowsers" finished-at="2016-04-13T10:22:59Z">
          <params>
            <param index="0">
              <value>
                <![CDATA[iOS]]>
              </value>
            </param>
            <param index="1">
              <value>
                <![CDATA[iPhone 5s]]>
              </value>
            </param>
            <param index="2">
              <value>
                <![CDATA[8.4]]>
              </value>
            </param>
            <param index="3">
              <value>
                <![CDATA[https://s3.amazonaws.com/appium/TestApp8.4.app.zip]]>
              </value>
            </param>
            <param index="4">
              <value>
                <![CDATA[]]>
              </value>
            </param>
            <param index="5">
              <value>
                <![CDATA[portrait]]>
              </value>
            </param>
            <param index="6">
              <value>
                <![CDATA[1.5.1]]>
              </value>
            </param>
            <param index="7">
              <value>
                <![CDATA[public void com.yourcompany.SampleSauceTest.addSumTest(java.lang.String,java.lang.String,java.lang.String,java.lang.String,java.lang.String,java.lang.String,java.lang.String,java.lang.reflect.Method) throws java.lang.Exception]]>
              </value>
            </param>
          </params>
          <reporter-output>
          </reporter-output>
        </test-method> <!-- addSumTest -->
        <test-method status="PASS" signature="launchTest(java.lang.String, java.lang.String, java.lang.String, java.lang.String, java.lang.String, java.lang.String, java.lang.String, java.lang.reflect.Method)[pri:0, instance:com.yourcompany.SampleSauceTest@1b604f19]" name="launchTest" duration-ms="178008" started-at="2016-04-13T10:19:39Z" data-provider="hardCodedBrowsers" finished-at="2016-04-13T10:22:37Z">
          <params>
            <param index="0">
              <value>
                <![CDATA[iOS]]>
              </value>
            </param>
            <param index="1">
              <value>
                <![CDATA[iPhone 5s]]>
              </value>
            </param>
            <param index="2">
              <value>
                <![CDATA[8.4]]>
              </value>
            </param>
            <param index="3">
              <value>
                <![CDATA[https://s3.amazonaws.com/appium/TestApp8.4.app.zip]]>
              </value>
            </param>
            <param index="4">
              <value>
                <![CDATA[]]>
              </value>
            </param>
            <param index="5">
              <value>
                <![CDATA[portrait]]>
              </value>
            </param>
            <param index="6">
              <value>
                <![CDATA[1.5.1]]>
              </value>
            </param>
            <param index="7">
              <value>
                <![CDATA[public void com.yourcompany.SampleSauceTest.launchTest(java.lang.String,java.lang.String,java.lang.String,java.lang.String,java.lang.String,java.lang.String,java.lang.String,java.lang.reflect.Method) throws java.lang.Exception]]>
              </value>
            </param>
          </params>
          <reporter-output>
          </reporter-output>
        </test-method> <!-- launchTest -->
        <test-method status="PASS" signature="launchTest(java.lang.String, java.lang.String, java.lang.String, java.lang.String, java.lang.String, java.lang.String, java.lang.String, java.lang.reflect.Method)[pri:0, instance:com.yourcompany.SampleSauceTest@1b604f19]" name="launchTest" duration-ms="207822" started-at="2016-04-13T10:19:39Z" data-provider="hardCodedBrowsers" finished-at="2016-04-13T10:23:07Z">
          <params>
            <param index="0">
              <value>
                <![CDATA[iOS]]>
              </value>
            </param>
            <param index="1">
              <value>
                <![CDATA[iPhone 5]]>
              </value>
            </param>
            <param index="2">
              <value>
                <![CDATA[8.4]]>
              </value>
            </param>
            <param index="3">
              <value>
                <![CDATA[https://s3.amazonaws.com/appium/TestApp8.4.app.zip]]>
              </value>
            </param>
            <param index="4">
              <value>
                <![CDATA[]]>
              </value>
            </param>
            <param index="5">
              <value>
                <![CDATA[portrait]]>
              </value>
            </param>
            <param index="6">
              <value>
                <![CDATA[1.5.1]]>
              </value>
            </param>
            <param index="7">
              <value>
                <![CDATA[public void com.yourcompany.SampleSauceTest.launchTest(java.lang.String,java.lang.String,java.lang.String,java.lang.String,java.lang.String,java.lang.String,java.lang.String,java.lang.reflect.Method) throws java.lang.Exception]]>
              </value>
            </param>
          </params>
          <reporter-output>
          </reporter-output>
        </test-method> <!-- launchTest -->
        <test-method status="PASS" signature="addSecondSumTest(java.lang.String, java.lang.String, java.lang.String, java.lang.String, java.lang.String, java.lang.String, java.lang.String, java.lang.reflect.Method)[pri:0, instance:com.yourcompany.SampleSauceTest@1b604f19]" name="addSecondSumTest" duration-ms="188270" started-at="2016-04-13T10:19:39Z" data-provider="hardCodedBrowsers" finished-at="2016-04-13T10:22:48Z">
          <params>
            <param index="0">
              <value>
                <![CDATA[iOS]]>
              </value>
            </param>
            <param index="1">
              <value>
                <![CDATA[iPhone 5s]]>
              </value>
            </param>
            <param index="2">
              <value>
                <![CDATA[8.4]]>
              </value>
            </param>
            <param index="3">
              <value>
                <![CDATA[https://s3.amazonaws.com/appium/TestApp8.4.app.zip]]>
              </value>
            </param>
            <param index="4">
              <value>
                <![CDATA[]]>
              </value>
            </param>
            <param index="5">
              <value>
                <![CDATA[portrait]]>
              </value>
            </param>
            <param index="6">
              <value>
                <![CDATA[1.5.1]]>
              </value>
            </param>
            <param index="7">
              <value>
                <![CDATA[public void com.yourcompany.SampleSauceTest.addSecondSumTest(java.lang.String,java.lang.String,java.lang.String,java.lang.String,java.lang.String,java.lang.String,java.lang.String,java.lang.reflect.Method) throws java.lang.Exception]]>
              </value>
            </param>
          </params>
          <reporter-output>
          </reporter-output>
        </test-method> <!-- addSecondSumTest -->
        <test-method status="PASS" signature="launchTest(java.lang.String, java.lang.String, java.lang.String, java.lang.String, java.lang.String, java.lang.String, java.lang.String, java.lang.reflect.Method)[pri:0, instance:com.yourcompany.SampleSauceTest@1b604f19]" name="launchTest" duration-ms="152322" started-at="2016-04-13T10:19:39Z" data-provider="hardCodedBrowsers" finished-at="2016-04-13T10:22:12Z">
          <params>
            <param index="0">
              <value>
                <![CDATA[iOS]]>
              </value>
            </param>
            <param index="1">
              <value>
                <![CDATA[iPhone 6 Plus]]>
              </value>
            </param>
            <param index="2">
              <value>
                <![CDATA[9.2]]>
              </value>
            </param>
            <param index="3">
              <value>
                <![CDATA[https://s3.amazonaws.com/appium/TestApp8.4.app.zip]]>
              </value>
            </param>
            <param index="4">
              <value>
                <![CDATA[]]>
              </value>
            </param>
            <param index="5">
              <value>
                <![CDATA[portrait]]>
              </value>
            </param>
            <param index="6">
              <value>
                <![CDATA[1.5.1]]>
              </value>
            </param>
            <param index="7">
              <value>
                <![CDATA[public void com.yourcompany.SampleSauceTest.launchTest(java.lang.String,java.lang.String,java.lang.String,java.lang.String,java.lang.String,java.lang.String,java.lang.String,java.lang.reflect.Method) throws java.lang.Exception]]>
              </value>
            </param>
          </params>
          <reporter-output>
          </reporter-output>
        </test-method> <!-- launchTest -->
        <test-method status="PASS" signature="addSecondSumTest(java.lang.String, java.lang.String, java.lang.String, java.lang.String, java.lang.String, java.lang.String, java.lang.String, java.lang.reflect.Method)[pri:0, instance:com.yourcompany.SampleSauceTest@1b604f19]" name="addSecondSumTest" duration-ms="150514" started-at="2016-04-13T10:19:39Z" data-provider="hardCodedBrowsers" finished-at="2016-04-13T10:22:10Z">
          <params>
            <param index="0">
              <value>
                <![CDATA[iOS]]>
              </value>
            </param>
            <param index="1">
              <value>
                <![CDATA[iPhone 6 Plus]]>
              </value>
            </param>
            <param index="2">
              <value>
                <![CDATA[9.2]]>
              </value>
            </param>
            <param index="3">
              <value>
                <![CDATA[https://s3.amazonaws.com/appium/TestApp8.4.app.zip]]>
              </value>
            </param>
            <param index="4">
              <value>
                <![CDATA[]]>
              </value>
            </param>
            <param index="5">
              <value>
                <![CDATA[portrait]]>
              </value>
            </param>
            <param index="6">
              <value>
                <![CDATA[1.5.1]]>
              </value>
            </param>
            <param index="7">
              <value>
                <![CDATA[public void com.yourcompany.SampleSauceTest.addSecondSumTest(java.lang.String,java.lang.String,java.lang.String,java.lang.String,java.lang.String,java.lang.String,java.lang.String,java.lang.reflect.Method) throws java.lang.Exception]]>
              </value>
            </param>
          </params>
          <reporter-output>
          </reporter-output>
        </test-method> <!-- addSecondSumTest -->
        <test-method status="PASS" signature="addSumTest(java.lang.String, java.lang.String, java.lang.String, java.lang.String, java.lang.String, java.lang.String, java.lang.String, java.lang.reflect.Method)[pri:0, instance:com.yourcompany.SampleSauceTest@1b604f19]" name="addSumTest" duration-ms="174865" started-at="2016-04-13T10:19:39Z" data-provider="hardCodedBrowsers" finished-at="2016-04-13T10:22:34Z">
          <params>
            <param index="0">
              <value>
                <![CDATA[iOS]]>
              </value>
            </param>
            <param index="1">
              <value>
                <![CDATA[iPhone 6]]>
              </value>
            </param>
            <param index="2">
              <value>
                <![CDATA[9.2]]>
              </value>
            </param>
            <param index="3">
              <value>
                <![CDATA[https://s3.amazonaws.com/appium/TestApp8.4.app.zip]]>
              </value>
            </param>
            <param index="4">
              <value>
                <![CDATA[]]>
              </value>
            </param>
            <param index="5">
              <value>
                <![CDATA[portrait]]>
              </value>
            </param>
            <param index="6">
              <value>
                <![CDATA[1.5.1]]>
              </value>
            </param>
            <param index="7">
              <value>
                <![CDATA[public void com.yourcompany.SampleSauceTest.addSumTest(java.lang.String,java.lang.String,java.lang.String,java.lang.String,java.lang.String,java.lang.String,java.lang.String,java.lang.reflect.Method) throws java.lang.Exception]]>
              </value>
            </param>
          </params>
          <reporter-output>
          </reporter-output>
        </test-method> <!-- addSumTest -->
        <test-method status="PASS" signature="addSecondSumTest(java.lang.String, java.lang.String, java.lang.String, java.lang.String, java.lang.String, java.lang.String, java.lang.String, java.lang.reflect.Method)[pri:0, instance:com.yourcompany.SampleSauceTest@1b604f19]" name="addSecondSumTest" duration-ms="194346" started-at="2016-04-13T10:19:39Z" data-provider="hardCodedBrowsers" finished-at="2016-04-13T10:22:54Z">
          <params>
            <param index="0">
              <value>
                <![CDATA[iOS]]>
              </value>
            </param>
            <param index="1">
              <value>
                <![CDATA[iPhone 5]]>
              </value>
            </param>
            <param index="2">
              <value>
                <![CDATA[8.4]]>
              </value>
            </param>
            <param index="3">
              <value>
                <![CDATA[https://s3.amazonaws.com/appium/TestApp8.4.app.zip]]>
              </value>
            </param>
            <param index="4">
              <value>
                <![CDATA[]]>
              </value>
            </param>
            <param index="5">
              <value>
                <![CDATA[portrait]]>
              </value>
            </param>
            <param index="6">
              <value>
                <![CDATA[1.5.1]]>
              </value>
            </param>
            <param index="7">
              <value>
                <![CDATA[public void com.yourcompany.SampleSauceTest.addSecondSumTest(java.lang.String,java.lang.String,java.lang.String,java.lang.String,java.lang.String,java.lang.String,java.lang.String,java.lang.reflect.Method) throws java.lang.Exception]]>
              </value>
            </param>
          </params>
          <reporter-output>
          </reporter-output>
        </test-method> <!-- addSecondSumTest -->
        <test-method status="PASS" signature="addSecondSumTest(java.lang.String, java.lang.String, java.lang.String, java.lang.String, java.lang.String, java.lang.String, java.lang.String, java.lang.reflect.Method)[pri:0, instance:com.yourcompany.SampleSauceTest@1b604f19]" name="addSecondSumTest" duration-ms="156536" started-at="2016-04-13T10:19:39Z" data-provider="hardCodedBrowsers" finished-at="2016-04-13T10:22:16Z">
          <params>
            <param index="0">
              <value>
                <![CDATA[iOS]]>
              </value>
            </param>
            <param index="1">
              <value>
                <![CDATA[iPhone 6]]>
              </value>
            </param>
            <param index="2">
              <value>
                <![CDATA[9.2]]>
              </value>
            </param>
            <param index="3">
              <value>
                <![CDATA[https://s3.amazonaws.com/appium/TestApp8.4.app.zip]]>
              </value>
            </param>
            <param index="4">
              <value>
                <![CDATA[]]>
              </value>
            </param>
            <param index="5">
              <value>
                <![CDATA[portrait]]>
              </value>
            </param>
            <param index="6">
              <value>
                <![CDATA[1.5.1]]>
              </value>
            </param>
            <param index="7">
              <value>
                <![CDATA[public void com.yourcompany.SampleSauceTest.addSecondSumTest(java.lang.String,java.lang.String,java.lang.String,java.lang.String,java.lang.String,java.lang.String,java.lang.String,java.lang.reflect.Method) throws java.lang.Exception]]>
              </value>
            </param>
          </params>
          <reporter-output>
          </reporter-output>
        </test-method> <!-- addSecondSumTest -->
        <test-method status="PASS" signature="addSumTest(java.lang.String, java.lang.String, java.lang.String, java.lang.String, java.lang.String, java.lang.String, java.lang.String, java.lang.reflect.Method)[pri:0, instance:com.yourcompany.SampleSauceTest@1b604f19]" name="addSumTest" duration-ms="168872" started-at="2016-04-13T10:19:39Z" data-provider="hardCodedBrowsers" finished-at="2016-04-13T10:22:28Z">
          <params>
            <param index="0">
              <value>
                <![CDATA[iOS]]>
              </value>
            </param>
            <param index="1">
              <value>
                <![CDATA[iPhone 6 Plus]]>
              </value>
            </param>
            <param index="2">
              <value>
                <![CDATA[9.2]]>
              </value>
            </param>
            <param index="3">
              <value>
                <![CDATA[https://s3.amazonaws.com/appium/TestApp8.4.app.zip]]>
              </value>
            </param>
            <param index="4">
              <value>
                <![CDATA[]]>
              </value>
            </param>
            <param index="5">
              <value>
                <![CDATA[portrait]]>
              </value>
            </param>
            <param index="6">
              <value>
                <![CDATA[1.5.1]]>
              </value>
            </param>
            <param index="7">
              <value>
                <![CDATA[public void com.yourcompany.SampleSauceTest.addSumTest(java.lang.String,java.lang.String,java.lang.String,java.lang.String,java.lang.String,java.lang.String,java.lang.String,java.lang.reflect.Method) throws java.lang.Exception]]>
              </value>
            </param>
          </params>
          <reporter-output>
          </reporter-output>
        </test-method> <!-- addSumTest -->
        <test-method status="PASS" signature="launchTest(java.lang.String, java.lang.String, java.lang.String, java.lang.String, java.lang.String, java.lang.String, java.lang.String, java.lang.reflect.Method)[pri:0, instance:com.yourcompany.SampleSauceTest@1b604f19]" name="launchTest" duration-ms="201244" started-at="2016-04-13T10:19:39Z" data-provider="hardCodedBrowsers" finished-at="2016-04-13T10:23:00Z">
          <params>
            <param index="0">
              <value>
                <![CDATA[iOS]]>
              </value>
            </param>
            <param index="1">
              <value>
                <![CDATA[iPad Retina]]>
              </value>
            </param>
            <param index="2">
              <value>
                <![CDATA[9.2]]>
              </value>
            </param>
            <param index="3">
              <value>
                <![CDATA[https://s3.amazonaws.com/appium/TestApp8.4.app.zip]]>
              </value>
            </param>
            <param index="4">
              <value>
                <![CDATA[]]>
              </value>
            </param>
            <param index="5">
              <value>
                <![CDATA[portrait]]>
              </value>
            </param>
            <param index="6">
              <value>
                <![CDATA[1.5.1]]>
              </value>
            </param>
            <param index="7">
              <value>
                <![CDATA[public void com.yourcompany.SampleSauceTest.launchTest(java.lang.String,java.lang.String,java.lang.String,java.lang.String,java.lang.String,java.lang.String,java.lang.String,java.lang.reflect.Method) throws java.lang.Exception]]>
              </value>
            </param>
          </params>
          <reporter-output>
          </reporter-output>
        </test-method> <!-- launchTest -->
        <test-method status="PASS" signature="addSumTest(java.lang.String, java.lang.String, java.lang.String, java.lang.String, java.lang.String, java.lang.String, java.lang.String, java.lang.reflect.Method)[pri:0, instance:com.yourcompany.SampleSauceTest@1b604f19]" name="addSumTest" duration-ms="91161" started-at="2016-04-13T10:19:39Z" data-provider="hardCodedBrowsers" finished-at="2016-04-13T10:21:10Z">
          <params>
            <param index="0">
              <value>
                <![CDATA[iOS]]>
              </value>
            </param>
            <param index="1">
              <value>
                <![CDATA[iPhone 6 Device]]>
              </value>
            </param>
            <param index="2">
              <value>
                <![CDATA[8.4]]>
              </value>
            </param>
            <param index="3">
              <value>
                <![CDATA[sauce-storage:TestApp-iphoneos.zip]]>
              </value>
            </param>
            <param index="4">
              <value>
                <![CDATA[]]>
              </value>
            </param>
            <param index="5">
              <value>
                <![CDATA[portrait]]>
              </value>
            </param>
            <param index="6">
              <value>
                <![CDATA[1.4.11]]>
              </value>
            </param>
            <param index="7">
              <value>
                <![CDATA[public void com.yourcompany.SampleSauceTest.addSumTest(java.lang.String,java.lang.String,java.lang.String,java.lang.String,java.lang.String,java.lang.String,java.lang.String,java.lang.reflect.Method) throws java.lang.Exception]]>
              </value>
            </param>
          </params>
          <reporter-output>
          </reporter-output>
        </test-method> <!-- addSumTest -->
        <test-method status="PASS" signature="addSecondSumTest(java.lang.String, java.lang.String, java.lang.String, java.lang.String, java.lang.String, java.lang.String, java.lang.String, java.lang.reflect.Method)[pri:0, instance:com.yourcompany.SampleSauceTest@1b604f19]" name="addSecondSumTest" duration-ms="174996" started-at="2016-04-13T10:19:39Z" data-provider="hardCodedBrowsers" finished-at="2016-04-13T10:22:34Z">
          <params>
            <param index="0">
              <value>
                <![CDATA[iOS]]>
              </value>
            </param>
            <param index="1">
              <value>
                <![CDATA[iPad Retina]]>
              </value>
            </param>
            <param index="2">
              <value>
                <![CDATA[9.2]]>
              </value>
            </param>
            <param index="3">
              <value>
                <![CDATA[https://s3.amazonaws.com/appium/TestApp8.4.app.zip]]>
              </value>
            </param>
            <param index="4">
              <value>
                <![CDATA[]]>
              </value>
            </param>
            <param index="5">
              <value>
                <![CDATA[portrait]]>
              </value>
            </param>
            <param index="6">
              <value>
                <![CDATA[1.5.1]]>
              </value>
            </param>
            <param index="7">
              <value>
                <![CDATA[public void com.yourcompany.SampleSauceTest.addSecondSumTest(java.lang.String,java.lang.String,java.lang.String,java.lang.String,java.lang.String,java.lang.String,java.lang.String,java.lang.reflect.Method) throws java.lang.Exception]]>
              </value>
            </param>
          </params>
          <reporter-output>
          </reporter-output>
        </test-method> <!-- addSecondSumTest -->
        <test-method status="PASS" signature="addSumTest(java.lang.String, java.lang.String, java.lang.String, java.lang.String, java.lang.String, java.lang.String, java.lang.String, java.lang.reflect.Method)[pri:0, instance:com.yourcompany.SampleSauceTest@1b604f19]" name="addSumTest" duration-ms="215112" started-at="2016-04-13T10:19:39Z" data-provider="hardCodedBrowsers" finished-at="2016-04-13T10:23:14Z">
          <params>
            <param index="0">
              <value>
                <![CDATA[iOS]]>
              </value>
            </param>
            <param index="1">
              <value>
                <![CDATA[iPhone 5]]>
              </value>
            </param>
            <param index="2">
              <value>
                <![CDATA[8.4]]>
              </value>
            </param>
            <param index="3">
              <value>
                <![CDATA[https://s3.amazonaws.com/appium/TestApp8.4.app.zip]]>
              </value>
            </param>
            <param index="4">
              <value>
                <![CDATA[]]>
              </value>
            </param>
            <param index="5">
              <value>
                <![CDATA[portrait]]>
              </value>
            </param>
            <param index="6">
              <value>
                <![CDATA[1.5.1]]>
              </value>
            </param>
            <param index="7">
              <value>
                <![CDATA[public void com.yourcompany.SampleSauceTest.addSumTest(java.lang.String,java.lang.String,java.lang.String,java.lang.String,java.lang.String,java.lang.String,java.lang.String,java.lang.reflect.Method) throws java.lang.Exception]]>
              </value>
            </param>
          </params>
          <reporter-output>
          </reporter-output>
        </test-method> <!-- addSumTest -->
        <test-method status="PASS" signature="addSumTest(java.lang.String, java.lang.String, java.lang.String, java.lang.String, java.lang.String, java.lang.String, java.lang.String, java.lang.reflect.Method)[pri:0, instance:com.yourcompany.SampleSauceTest@1b604f19]" name="addSumTest" duration-ms="133161" started-at="2016-04-13T10:19:39Z" data-provider="hardCodedBrowsers" finished-at="2016-04-13T10:21:52Z">
          <params>
            <param index="0">
              <value>
                <![CDATA[iOS]]>
              </value>
            </param>
            <param index="1">
              <value>
                <![CDATA[iPad Retina]]>
              </value>
            </param>
            <param index="2">
              <value>
                <![CDATA[9.2]]>
              </value>
            </param>
            <param index="3">
              <value>
                <![CDATA[https://s3.amazonaws.com/appium/TestApp8.4.app.zip]]>
              </value>
            </param>
            <param index="4">
              <value>
                <![CDATA[]]>
              </value>
            </param>
            <param index="5">
              <value>
                <![CDATA[portrait]]>
              </value>
            </param>
            <param index="6">
              <value>
                <![CDATA[1.5.1]]>
              </value>
            </param>
            <param index="7">
              <value>
                <![CDATA[public void com.yourcompany.SampleSauceTest.addSumTest(java.lang.String,java.lang.String,java.lang.String,java.lang.String,java.lang.String,java.lang.String,java.lang.String,java.lang.reflect.Method) throws java.lang.Exception]]>
              </value>
            </param>
          </params>
          <reporter-output>
          </reporter-output>
        </test-method> <!-- addSumTest -->
        <test-method status="PASS" signature="addSecondSumTest(java.lang.String, java.lang.String, java.lang.String, java.lang.String, java.lang.String, java.lang.String, java.lang.String, java.lang.reflect.Method)[pri:0, instance:com.yourcompany.SampleSauceTest@1b604f19]" name="addSecondSumTest" duration-ms="42933" started-at="2016-04-13T10:19:39Z" data-provider="hardCodedBrowsers" finished-at="2016-04-13T10:20:22Z">
          <params>
            <param index="0">
              <value>
                <![CDATA[iOS]]>
              </value>
            </param>
            <param index="1">
              <value>
                <![CDATA[iPhone 6 Device]]>
              </value>
            </param>
            <param index="2">
              <value>
                <![CDATA[8.4]]>
              </value>
            </param>
            <param index="3">
              <value>
                <![CDATA[sauce-storage:TestApp-iphoneos.zip]]>
              </value>
            </param>
            <param index="4">
              <value>
                <![CDATA[]]>
              </value>
            </param>
            <param index="5">
              <value>
                <![CDATA[portrait]]>
              </value>
            </param>
            <param index="6">
              <value>
                <![CDATA[1.4.11]]>
              </value>
            </param>
            <param index="7">
              <value>
                <![CDATA[public void com.yourcompany.SampleSauceTest.addSecondSumTest(java.lang.String,java.lang.String,java.lang.String,java.lang.String,java.lang.String,java.lang.String,java.lang.String,java.lang.reflect.Method) throws java.lang.Exception]]>
              </value>
            </param>
          </params>
          <reporter-output>
          </reporter-output>
        </test-method> <!-- addSecondSumTest -->
        <test-method status="PASS" signature="launchTest(java.lang.String, java.lang.String, java.lang.String, java.lang.String, java.lang.String, java.lang.String, java.lang.String, java.lang.reflect.Method)[pri:0, instance:com.yourcompany.SampleSauceTest@1b604f19]" name="launchTest" duration-ms="147001" started-at="2016-04-13T10:19:39Z" data-provider="hardCodedBrowsers" finished-at="2016-04-13T10:22:06Z">
          <params>
            <param index="0">
              <value>
                <![CDATA[iOS]]>
              </value>
            </param>
            <param index="1">
              <value>
                <![CDATA[iPhone 6 Device]]>
              </value>
            </param>
            <param index="2">
              <value>
                <![CDATA[8.4]]>
              </value>
            </param>
            <param index="3">
              <value>
                <![CDATA[sauce-storage:TestApp-iphoneos.zip]]>
              </value>
            </param>
            <param index="4">
              <value>
                <![CDATA[]]>
              </value>
            </param>
            <param index="5">
              <value>
                <![CDATA[portrait]]>
              </value>
            </param>
            <param index="6">
              <value>
                <![CDATA[1.4.11]]>
              </value>
            </param>
            <param index="7">
              <value>
                <![CDATA[public void com.yourcompany.SampleSauceTest.launchTest(java.lang.String,java.lang.String,java.lang.String,java.lang.String,java.lang.String,java.lang.String,java.lang.String,java.lang.reflect.Method) throws java.lang.Exception]]>
              </value>
            </param>
          </params>
          <reporter-output>
          </reporter-output>
        </test-method> <!-- launchTest -->
        <test-method status="PASS" signature="launchTest(java.lang.String, java.lang.String, java.lang.String, java.lang.String, java.lang.String, java.lang.String, java.lang.String, java.lang.reflect.Method)[pri:0, instance:com.yourcompany.SampleSauceTest@1b604f19]" name="launchTest" duration-ms="199994" started-at="2016-04-13T10:19:39Z" data-provider="hardCodedBrowsers" finished-at="2016-04-13T10:22:59Z">
          <params>
            <param index="0">
              <value>
                <![CDATA[iOS]]>
              </value>
            </param>
            <param index="1">
              <value>
                <![CDATA[iPhone 6]]>
              </value>
            </param>
            <param index="2">
              <value>
                <![CDATA[9.2]]>
              </value>
            </param>
            <param index="3">
              <value>
                <![CDATA[https://s3.amazonaws.com/appium/TestApp8.4.app.zip]]>
              </value>
            </param>
            <param index="4">
              <value>
                <![CDATA[]]>
              </value>
            </param>
            <param index="5">
              <value>
                <![CDATA[portrait]]>
              </value>
            </param>
            <param index="6">
              <value>
                <![CDATA[1.5.1]]>
              </value>
            </param>
            <param index="7">
              <value>
                <![CDATA[public void com.yourcompany.SampleSauceTest.launchTest(java.lang.String,java.lang.String,java.lang.String,java.lang.String,java.lang.String,java.lang.String,java.lang.String,java.lang.reflect.Method) throws java.lang.Exception]]>
              </value>
            </param>
          </params>
          <reporter-output>
          </reporter-output>
        </test-method> <!-- launchTest -->
      </class> <!-- com.yourcompany.SampleSauceTest -->
    </test> <!-- Command line test -->
  </suite> <!-- com.yourcompany.SampleSauceTest -->
</testng-results>
